2021-05-18 16:38 INFO 89765687, Igor => 🗓️ Расписание/Мастер-классы
2021-05-18 16:38 INFO 89765687, Igor => 🥗 Кулинарный мастер-класс
2021-05-18 16:39 INFO 89765687, Igor => 🔙 Назад
2021-05-18 16:39 INFO 89765687, Igor => 🍽️ Питание
2021-05-18 16:39 INFO 89765687, Igor => 🍽️ Рестораны
2021-05-18 16:39 INFO 89765687, Igor => 🍸 Бары
2021-05-18 16:39 INFO 89765687, Igor => 🌭 Снек-бары
2021-05-18 16:39 INFO 89765687, Igor => 🍨 Детям
2021-05-18 16:39 INFO 89765687, Igor => 🔙 Назад
2021-05-18 16:40 INFO 89765687, Igor => 🗓️ Расписание/Мастер-классы
2021-05-18 16:40 INFO 89765687, Igor => 🥗 Кулинарный мастер-класс
2021-05-18 16:41 INFO 89765687, Igor => 🥗 Кулинарный мастер-класс
2021-05-18 16:41 INFO 89765687, Igor => 🔙 Назад
2021-05-18 16:41 INFO 89765687, Igor => 🗓️ Расписание/Мастер-классы
2021-05-18 16:41 INFO 89765687, Igor => 🎆 Вечерние мероприятия
2021-05-18 16:44 INFO 892822791, Юлия => ❇ Акции и скидки
2021-05-18 18:21 INFO 951563031, Nikita => 🗓️ Расписание/Мастер-классы
2021-05-18 18:21 INFO 1428130248, Julia => 🗓️ Расписание/Мастер-классы
2021-05-18 18:21 INFO 1428130248, Julia => 🥗 Кулинарный мастер-класс
2021-05-18 18:22 INFO 1428130248, Julia => 🎆 Вечерние мероприятия
2021-05-18 18:44 INFO 89765687, Igor => 🔙 Назад
2021-05-18 18:44 INFO 89765687, Igor => 🗓️ Расписание/Мастер-классы
2021-05-18 18:44 INFO 89765687, Igor => 🥗 Кулинарный мастер-класс
2021-05-18 18:44 INFO 89765687, Igor => 🔙 Назад
2021-05-18 19:02 INFO 655451746, Ivan => 🗓️ Расписание/Мастер-классы
2021-05-18 19:02 INFO 655451746, Ivan => 🎆 Вечерние мероприятия
2021-05-18 19:16 INFO 1428130248, Julia => 🎆 Вечерние мероприятия
2021-05-18 20:50 INFO 89765687, Igor => 🗓️ Расписание/Мастер-классы
2021-05-18 20:51 INFO 89765687, Igor => 🎆 Вечерние мероприятия
2021-05-18 21:11 INFO 1428130248, Julia => 🎆 Вечерние мероприятия
2021-05-18 23:29 INFO 892822791, Юлия => 🗓️ Расписание/Мастер-классы
2021-05-18 23:29 INFO 892822791, Юлия => 🎆 Вечерние мероприятия
2021-05-19 00:23 INFO 89765687, Igor => Статистика
2021-05-19 00:23 INFO 89765687, Igor => 🗓️ Расписание/Мастер-классы
2021-05-19 00:23 INFO 89765687, Igor => 🎆 Вечерние мероприятия
2021-05-19 00:23 INFO 89765687, Igor => 🥗 Кулинарный мастер-класс
2021-05-19 00:23 INFO 89765687, Igor => 🎆 Вечерние мероприятия
2021-05-19 00:24 INFO 89765687, Igor => 🔙 Назад
2021-05-19 00:24 INFO 89765687, Igor => ❇ Акции и скидки
2021-05-19 00:25 INFO 89765687, Igor => 🔔 Услуги
2021-05-19 12:34 INFO 89765687, Igor => 🗓️ Расписание/Мастер-классы
2021-05-19 12:34 INFO 89765687, Igor => 🎆 Вечерние мероприятия
2021-05-19 12:34 INFO 89765687, Igor => Статистика
2021-05-19 12:34 INFO 89765687, Igor => 🗓️ Расписание/Мастер-классы
2021-05-19 15:11 INFO 89765687, Igor => 🎆 Вечерние мероприятия
2021-05-19 15:47 INFO 89765687, Igor => 🔙 Назад
2021-05-19 15:47 INFO 89765687, Igor => 🔔 Услуги
2021-05-19 15:52 INFO 89765687, Igor => 🗓️ Расписание/Мастер-классы
2021-05-19 15:52 INFO 89765687, Igor => 😎 Teen-club
2021-05-19 16:02 INFO 89765687, Igor => 🌐 Связь с нами
2021-05-19 16:02 INFO 89765687, Igor => 🗓️ Расписание/Мастер-классы
2021-05-19 16:02 INFO 89765687, Igor => 😎 Teen-club
2021-05-19 16:02 INFO 89765687, Igor => 🥗 Кулинарный мастер-класс
2021-05-19 16:03 INFO 89765687, Igor => 🔙 Назад
2021-05-19 16:03 INFO 89765687, Igor => 🔔 Услуги
2021-05-19 16:03 INFO 89765687, Igor => 🗓️ Расписание/Мастер-классы
2021-05-19 16:03 INFO 89765687, Igor => 🥗 Кулинарный мастер-класс
2021-05-19 16:04 INFO 89765687, Igor => 😎 Teen-club
2021-05-19 16:04 INFO 89765687, Igor => 🔙 Назад
2021-05-19 17:11 INFO 89765687, Igor => Статистика
2021-05-19 18:53 INFO 223028132, Ivan => 🗓️ Расписание/Мастер-классы
2021-05-19 18:53 INFO 223028132, Ivan => 🎆 Вечерние мероприятия
2021-05-19 19:43 INFO 89765687, Igor => Статистика
2021-05-19 19:43 INFO 89765687, Igor => 🗓️ Расписание/Мастер-классы
2021-05-19 19:43 INFO 89765687, Igor => 😎 Teen-club
2021-05-19 20:14 INFO 89765687, Igor => 🎆 Вечерние мероприятия
2021-05-19 22:49 INFO 89765687, Igor => Статистика
2021-05-19 22:49 INFO 89765687, Igor => 🗓️ Расписание/Мастер-классы
2021-05-19 22:49 INFO 89765687, Igor => 😎 Teen-club
2021-05-20 07:34 INFO 89765687, Igor => 🎆 Вечерние мероприятия
2021-05-21 17:15 INFO 89765687, Igor => 🔙 Назад
2021-05-21 17:15 INFO 89765687, Igor => Статистика
2021-05-21 17:15 INFO 89765687, Igor => 🗓️ Расписание/Мастер-классы
2021-05-21 17:15 INFO 89765687, Igor => 🎥 Cinema-academy
2021-05-21 17:19 INFO 89765687, Igor => Статистика
2021-05-21 17:19 INFO 89765687, Igor => ❇ Акции и скидки
2021-05-21 20:01 INFO 89765687, Igor => 🗓️ Расписание/Мастер-классы
2021-05-21 20:01 INFO 89765687, Igor => 🎆 Вечерние мероприятия
2021-05-21 20:14 INFO 89765687, Igor => 🔙 Назад
2021-05-21 20:14 INFO 89765687, Igor => Статистика
2021-05-22 09:49 INFO 89765687, Igor => 🗓️ Расписание/Мастер-классы
2021-05-22 09:49 INFO 89765687, Igor => 🎥 Cinema-academy
2021-05-22 09:49 INFO 89765687, Igor => 🤸 Fitness-academy
2021-05-22 09:49 INFO 89765687, Igor => 🔙 Назад
2021-05-22 09:49 INFO 89765687, Igor => 🗓️ Расписание/Мастер-классы
2021-05-22 09:49 INFO 89765687, Igor => 🔙 Назад
2021-05-22 09:49 INFO 89765687, Igor => 🗓️ Расписание/Мастер-классы
2021-05-22 09:49 INFO 89765687, Igor => 🎆 Вечерние мероприятия
2021-05-22 09:49 INFO 89765687, Igor => 🔙 Назад
2021-05-22 09:49 INFO 89765687, Igor => статистика
2021-05-22 09:49 INFO 89765687, Igor => Статистика
2021-05-22 12:11 INFO 89765687, Igor => Статистика
2021-05-22 12:41 INFO 89765687, Igor => 🗓️ Расписание/Мастер-классы
2021-05-22 12:42 INFO 89765687, Igor => 🥗 Кулинарный мастер-класс
2021-05-22 12:42 INFO 89765687, Igor => 🔙 Назад
2021-05-22 12:42 INFO 89765687, Igor => ❇ Акции и скидки
2021-05-22 12:42 INFO 89765687, Igor => 🌐 Связь с нами
2021-05-22 12:42 INFO 89765687, Igor => 🔔 Услуги
2021-05-22 14:28 INFO 89765687, Igor => 🗓️ Расписание/Мастер-классы
2021-05-22 14:28 INFO 89765687, Igor => 🎆 Вечерние мероприятия
2021-05-22 15:50 INFO 89765687, Igor => 🤸 Fitness-academy
2021-05-22 16:09 INFO 104040812, BKF => ❇ Акции и скидки
2021-05-22 19:42 INFO 89765687, Igor => Статистика
2021-05-22 19:42 INFO 89765687, Igor => 🗓️ Расписание/Мастер-классы
2021-05-22 19:42 INFO 89765687, Igor => 🎆 Вечерние мероприятия
2021-05-22 19:42 INFO 89765687, Igor => 🔙 Назад
2021-05-22 19:42 INFO 89765687, Igor => 🗓️ Расписание/Мастер-классы
2021-05-22 19:42 INFO 89765687, Igor => 🥗 Кулинарный мастер-класс
2021-05-22 19:42 INFO 89765687, Igor => 🔙 Назад
2021-05-22 19:45 INFO 89765687, Igor => 🍽️ Питание
2021-05-22 19:45 INFO 89765687, Igor => 🍸 Бары
2021-05-22 19:45 INFO 89765687, Igor => 🔙 Назад
2021-05-22 19:45 INFO 89765687, Igor => 🌐 Связь с нами
2021-05-22 20:17 INFO 104040812, BKF => Потеряли игрушку - детский мусоровоз щенячий патруль
2021-05-23 09:10 INFO 802469737, Oleg => 🗓️ Расписание/Мастер-классы
2021-05-23 09:10 INFO 802469737, Oleg => 🤸 Fitness-academy
2021-05-23 09:10 INFO 802469737, Oleg => 🎥 Cinema-academy
2021-05-23 09:10 INFO 802469737, Oleg => 🎆 Вечерние мероприятия
2021-05-23 09:11 INFO 802469737, Oleg => 😎 Teen-club
2021-05-23 09:11 INFO 802469737, Oleg => 🔙 Назад
2021-05-23 09:12 INFO 802469737, Oleg => 🔔 Услуги
2021-05-23 09:55 INFO 951563031, Nikita => 🎆 Вечерние мероприятия
2021-05-23 09:56 INFO 951563031, Nikita => 🔙 Назад
2021-05-23 09:56 INFO 951563031, Nikita => ❇ Акции и скидки
2021-05-23 10:54 INFO 89765687, Igor => 🗓️ Расписание/Мастер-классы
2021-05-23 10:54 INFO 89765687, Igor => 😎 Teen-club
2021-05-23 10:54 INFO 89765687, Igor => 🥗 Кулинарный мастер-класс
2021-05-23 10:55 INFO 89765687, Igor => 🎥 Cinema-academy
2021-05-23 10:55 INFO 89765687, Igor => 🤸 Fitness-academy
2021-05-23 10:55 INFO 89765687, Igor => 🔙 Назад
2021-05-23 10:55 INFO 89765687, Igor => 🍽️ Питание
2021-05-23 10:55 INFO 89765687, Igor => 🌭 Снек-бары
2021-05-23 10:55 INFO 89765687, Igor => 🔙 Назад
2021-05-23 10:55 INFO 89765687, Igor => ❇ Акции и скидки
2021-05-23 10:55 INFO 89765687, Igor => Статистика
2021-05-23 10:56 INFO 89765687, Igor => 🗓️ Расписание/Мастер-классы
2021-05-23 10:56 INFO 89765687, Igor => 🎆 Вечерние мероприятия
2021-05-23 10:56 INFO 89765687, Igor => 🔙 Назад
2021-05-23 15:24 INFO 89765687, Igor => Статистика
2021-05-23 19:48 INFO 89765687, Igor => Статистика
2021-05-23 19:48 INFO 89765687, Igor => 🗓️ Расписание/Мастер-классы
2021-05-23 19:48 INFO 89765687, Igor => 🎥 Cinema-academy
2021-05-23 19:49 INFO 89765687, Igor => Статистика
2021-05-23 23:12 INFO 89765687, Igor => Статистика
2021-05-23 23:13 INFO 89765687, Igor => 🗓️ Расписание/Мастер-классы
2021-05-24 08:00 INFO 89765687, Igor => 🔙 Назад
2021-05-24 08:19 INFO 89765687, Igor => 🗓️ Расписание/Мастер-классы
2021-05-24 08:19 INFO 89765687, Igor => 🎆 Вечерние мероприятия
2021-05-25 12:26 INFO 89765687, Igor => 🎆 Вечерние мероприятия
2021-05-25 18:58 INFO 89765687, Igor => Статистика
2021-05-25 20:12 INFO 89765687, Igor => Статистика
2021-05-26 10:14 INFO 89765687, Igor => Статистика
2021-05-26 10:14 INFO 89765687, Igor => 🔔 Услуги
2021-05-26 10:14 INFO 89765687, Igor => ❇ Акции и скидки
2021-05-26 10:14 INFO 89765687, Igor => 🗓️ Расписание/Мастер-классы
2021-05-26 10:14 INFO 89765687, Igor => 🤸 Fitness-academy
2021-05-26 10:14 INFO 89765687, Igor => 🎆 Вечерние мероприятия
2021-05-26 19:07 INFO 373367066, Евгений => ❇ Акции и скидки
2021-05-26 19:08 INFO 373367066, Евгений => 🗓️ Расписание/Мастер-классы
2021-05-26 19:08 INFO 373367066, Евгений => 🥗 Кулинарный мастер-класс
2021-05-26 19:09 INFO 373367066, Евгений => 🤸 Fitness-academy
2021-05-26 19:10 INFO 373367066, Евгений => 😎 Teen-club
2021-05-26 19:11 INFO 373367066, Евгений => Start
2021-05-26 19:11 INFO 373367066, Евгений => 🗓️ Расписание/Мастер-классы
2021-05-26 19:11 INFO 373367066, Евгений => 🎥 Cinema-academy
2021-05-26 19:12 INFO 373367066, Евгений => 🎆 Вечерние мероприятия
2021-05-26 20:14 INFO 89765687, Igor => Статистика
2021-05-26 20:14 INFO 89765687, Igor => 🗓️ Расписание/Мастер-классы
2021-05-26 20:14 INFO 89765687, Igor => 🤸 Fitness-academy
2021-05-26 20:16 INFO 89765687, Igor => 🎆 Вечерние мероприятия
2021-05-26 20:58 INFO 1277530197, Лидия => 🗓️ Расписание/Мастер-классы
2021-05-26 20:58 INFO 89765687, Igor => Статистика
2021-05-26 20:58 INFO 1034668941, Lydmila => 🗓️ Расписание/Мастер-классы
2021-05-26 20:58 INFO 485231217, Юлия => 🍽️ Питание
2021-05-26 20:58 INFO 1277530197, Лидия => 🥗 Кулинарный мастер-класс
2021-05-26 20:58 INFO 485231217, Юлия => 🍽️ Рестораны
2021-05-26 20:58 INFO 485231217, Юлия => 🔙 Назад
2021-05-26 20:58 INFO 1034668941, Lydmila => 🥗 Кулинарный мастер-класс
2021-05-26 20:58 INFO 485231217, Юлия => ❇ Акции и скидки
2021-05-26 20:58 INFO 1277530197, Лидия => 🎆 Вечерние мероприятия
2021-05-26 20:58 INFO 89765687, Igor => 🗓️ Расписание/Мастер-классы
2021-05-26 20:58 INFO 89765687, Igor => 🎆 Вечерние мероприятия
2021-05-26 20:58 INFO 89765687, Igor => 🔙 Назад
2021-05-26 20:58 INFO 1277530197, Лидия => 🤸 Fitness-academy
2021-05-26 20:58 INFO 89765687, Igor => ❇ Акции и скидки
2021-05-26 21:14 INFO 89765687, Igor => Статистика
2021-05-26 21:41 INFO 89765687, Igor => Статистика
